2017-06-17 17:24:43,092 WARN  utils.ResourceUtils - No resource methods have been found for resource class org.apache.nutch.service.impl.ConfManagerImpl
2017-06-17 17:24:43,113 INFO  service.NutchServer - Starting NutchServer on localhost:8081  ...
2017-06-17 17:24:43,360 INFO  endpoint.ServerImpl - Setting the server's publish address to be http://localhost:8081
2017-06-17 17:24:43,653 INFO  server.Server - jetty-8.1.15.v20140411
2017-06-17 17:24:43,796 INFO  server.AbstractConnector - Started SelectChannelConnector@localhost:8081
2017-06-17 17:24:43,818 INFO  service.NutchServer - Started Nutch Server on localhost:8081 at 1497691483818
2017-06-17 17:26:01,012 WARN  interceptor.JAXRSInInterceptor - No root resource matching request path / has been found, Relative Path: /. Please enable FINE/TRACE log level for more details.
2017-06-17 17:26:01,041 WARN  server.AbstractHttpConnection - /
java.lang.NoSuchMethodError: javax.ws.rs.NotFoundException.validate(Ljavax/ws/rs/core/Response;Ljavax/ws/rs/core/Response$Status;)Ljavax/ws/rs/core/Response;
	at javax.ws.rs.NotFoundException.<init>(NotFoundException.java:126)
	at org.apache.cxf.jaxrs.utils.SpecExceptions.toNotFoundException(SpecExceptions.java:89)
	at org.apache.cxf.jaxrs.utils.ExceptionUtils.toNotFoundException(ExceptionUtils.java:126)
	at org.apache.cxf.jaxrs.interceptor.JAXRSInInterceptor.processRequest(JAXRSInInterceptor.java:169)
	at org.apache.cxf.jaxrs.interceptor.JAXRSInInterceptor.handleMessage(JAXRSInInterceptor.java:77)
	at org.apache.cxf.phase.PhaseInterceptorChain.doIntercept(PhaseInterceptorChain.java:307)
	at org.apache.cxf.transport.ChainInitiationObserver.onMessage(ChainInitiationObserver.java:121)
	at org.apache.cxf.transport.http.AbstractHTTPDestination.invoke(AbstractHTTPDestination.java:251)
	at org.apache.cxf.transport.http_jetty.JettyHTTPDestination.doService(JettyHTTPDestination.java:261)
	at org.apache.cxf.transport.http_jetty.JettyHTTPHandler.handle(JettyHTTPHandler.java:70)
	at org.eclipse.jetty.server.handler.ContextHandler.doHandle(ContextHandler.java:1088)
	at org.eclipse.jetty.server.handler.ContextHandler.doScope(ContextHandler.java:1024)
	at org.eclipse.jetty.server.handler.ScopedHandler.handle(ScopedHandler.java:135)
	at org.eclipse.jetty.server.handler.ContextHandlerCollection.handle(ContextHandlerCollection.java:255)
	at org.eclipse.jetty.server.handler.HandlerWrapper.handle(HandlerWrapper.java:116)
	at org.eclipse.jetty.server.Server.handle(Server.java:370)
	at org.eclipse.jetty.server.AbstractHttpConnection.handleRequest(AbstractHttpConnection.java:494)
	at org.eclipse.jetty.server.AbstractHttpConnection.headerComplete(AbstractHttpConnection.java:971)
	at org.eclipse.jetty.server.AbstractHttpConnection$RequestHandler.headerComplete(AbstractHttpConnection.java:1033)
	at org.eclipse.jetty.http.HttpParser.parseNext(HttpParser.java:644)
	at org.eclipse.jetty.http.HttpParser.parseAvailable(HttpParser.java:235)
	at org.eclipse.jetty.server.AsyncHttpConnection.handle(AsyncHttpConnection.java:82)
	at org.eclipse.jetty.io.nio.SelectChannelEndPoint.handle(SelectChannelEndPoint.java:696)
	at org.eclipse.jetty.io.nio.SelectChannelEndPoint$1.run(SelectChannelEndPoint.java:53)
	at org.eclipse.jetty.util.thread.QueuedThreadPool.runJob(QueuedThreadPool.java:608)
	at org.eclipse.jetty.util.thread.QueuedThreadPool$3.run(QueuedThreadPool.java:543)
	at java.lang.Thread.run(Thread.java:748)
2017-06-17 17:26:01,176 WARN  interceptor.JAXRSInInterceptor - No root resource matching request path /favicon.ico has been found, Relative Path: /favicon.ico. Please enable FINE/TRACE log level for more details.
2017-06-17 17:26:01,177 WARN  server.AbstractHttpConnection - /favicon.ico
java.lang.NoSuchMethodError: javax.ws.rs.NotFoundException.validate(Ljavax/ws/rs/core/Response;Ljavax/ws/rs/core/Response$Status;)Ljavax/ws/rs/core/Response;
	at javax.ws.rs.NotFoundException.<init>(NotFoundException.java:126)
	at org.apache.cxf.jaxrs.utils.SpecExceptions.toNotFoundException(SpecExceptions.java:89)
	at org.apache.cxf.jaxrs.utils.ExceptionUtils.toNotFoundException(ExceptionUtils.java:126)
	at org.apache.cxf.jaxrs.interceptor.JAXRSInInterceptor.processRequest(JAXRSInInterceptor.java:169)
	at org.apache.cxf.jaxrs.interceptor.JAXRSInInterceptor.handleMessage(JAXRSInInterceptor.java:77)
	at org.apache.cxf.phase.PhaseInterceptorChain.doIntercept(PhaseInterceptorChain.java:307)
	at org.apache.cxf.transport.ChainInitiationObserver.onMessage(ChainInitiationObserver.java:121)
	at org.apache.cxf.transport.http.AbstractHTTPDestination.invoke(AbstractHTTPDestination.java:251)
	at org.apache.cxf.transport.http_jetty.JettyHTTPDestination.doService(JettyHTTPDestination.java:261)
	at org.apache.cxf.transport.http_jetty.JettyHTTPHandler.handle(JettyHTTPHandler.java:70)
	at org.eclipse.jetty.server.handler.ContextHandler.doHandle(ContextHandler.java:1088)
	at org.eclipse.jetty.server.handler.ContextHandler.doScope(ContextHandler.java:1024)
	at org.eclipse.jetty.server.handler.ScopedHandler.handle(ScopedHandler.java:135)
	at org.eclipse.jetty.server.handler.ContextHandlerCollection.handle(ContextHandlerCollection.java:255)
	at org.eclipse.jetty.server.handler.HandlerWrapper.handle(HandlerWrapper.java:116)
	at org.eclipse.jetty.server.Server.handle(Server.java:370)
	at org.eclipse.jetty.server.AbstractHttpConnection.handleRequest(AbstractHttpConnection.java:494)
	at org.eclipse.jetty.server.AbstractHttpConnection.headerComplete(AbstractHttpConnection.java:971)
	at org.eclipse.jetty.server.AbstractHttpConnection$RequestHandler.headerComplete(AbstractHttpConnection.java:1033)
	at org.eclipse.jetty.http.HttpParser.parseNext(HttpParser.java:644)
	at org.eclipse.jetty.http.HttpParser.parseAvailable(HttpParser.java:235)
	at org.eclipse.jetty.server.AsyncHttpConnection.handle(AsyncHttpConnection.java:82)
	at org.eclipse.jetty.io.nio.SelectChannelEndPoint.handle(SelectChannelEndPoint.java:696)
	at org.eclipse.jetty.io.nio.SelectChannelEndPoint$1.run(SelectChannelEndPoint.java:53)
	at org.eclipse.jetty.util.thread.QueuedThreadPool.runJob(QueuedThreadPool.java:608)
	at org.eclipse.jetty.util.thread.QueuedThreadPool$3.run(QueuedThreadPool.java:543)
	at java.lang.Thread.run(Thread.java:748)
2017-06-17 17:26:01,210 WARN  interceptor.JAXRSInInterceptor - No root resource matching request path /favicon.ico has been found, Relative Path: /favicon.ico. Please enable FINE/TRACE log level for more details.
2017-06-17 17:26:01,210 WARN  server.AbstractHttpConnection - /favicon.ico
java.lang.NoSuchMethodError: javax.ws.rs.NotFoundException.validate(Ljavax/ws/rs/core/Response;Ljavax/ws/rs/core/Response$Status;)Ljavax/ws/rs/core/Response;
	at javax.ws.rs.NotFoundException.<init>(NotFoundException.java:126)
	at org.apache.cxf.jaxrs.utils.SpecExceptions.toNotFoundException(SpecExceptions.java:89)
	at org.apache.cxf.jaxrs.utils.ExceptionUtils.toNotFoundException(ExceptionUtils.java:126)
	at org.apache.cxf.jaxrs.interceptor.JAXRSInInterceptor.processRequest(JAXRSInInterceptor.java:169)
	at org.apache.cxf.jaxrs.interceptor.JAXRSInInterceptor.handleMessage(JAXRSInInterceptor.java:77)
	at org.apache.cxf.phase.PhaseInterceptorChain.doIntercept(PhaseInterceptorChain.java:307)
	at org.apache.cxf.transport.ChainInitiationObserver.onMessage(ChainInitiationObserver.java:121)
	at org.apache.cxf.transport.http.AbstractHTTPDestination.invoke(AbstractHTTPDestination.java:251)
	at org.apache.cxf.transport.http_jetty.JettyHTTPDestination.doService(JettyHTTPDestination.java:261)
	at org.apache.cxf.transport.http_jetty.JettyHTTPHandler.handle(JettyHTTPHandler.java:70)
	at org.eclipse.jetty.server.handler.ContextHandler.doHandle(ContextHandler.java:1088)
	at org.eclipse.jetty.server.handler.ContextHandler.doScope(ContextHandler.java:1024)
	at org.eclipse.jetty.server.handler.ScopedHandler.handle(ScopedHandler.java:135)
	at org.eclipse.jetty.server.handler.ContextHandlerCollection.handle(ContextHandlerCollection.java:255)
	at org.eclipse.jetty.server.handler.HandlerWrapper.handle(HandlerWrapper.java:116)
	at org.eclipse.jetty.server.Server.handle(Server.java:370)
	at org.eclipse.jetty.server.AbstractHttpConnection.handleRequest(AbstractHttpConnection.java:494)
	at org.eclipse.jetty.server.AbstractHttpConnection.headerComplete(AbstractHttpConnection.java:971)
	at org.eclipse.jetty.server.AbstractHttpConnection$RequestHandler.headerComplete(AbstractHttpConnection.java:1033)
	at org.eclipse.jetty.http.HttpParser.parseNext(HttpParser.java:644)
	at org.eclipse.jetty.http.HttpParser.parseAvailable(HttpParser.java:235)
	at org.eclipse.jetty.server.AsyncHttpConnection.handle(AsyncHttpConnection.java:82)
	at org.eclipse.jetty.io.nio.SelectChannelEndPoint.handle(SelectChannelEndPoint.java:696)
	at org.eclipse.jetty.io.nio.SelectChannelEndPoint$1.run(SelectChannelEndPoint.java:53)
	at org.eclipse.jetty.util.thread.QueuedThreadPool.runJob(QueuedThreadPool.java:608)
	at org.eclipse.jetty.util.thread.QueuedThreadPool$3.run(QueuedThreadPool.java:543)
	at java.lang.Thread.run(Thread.java:748)
2017-06-17 17:26:08,275 WARN  interceptor.JAXRSInInterceptor - No root resource matching request path /nutch has been found, Relative Path: /nutch. Please enable FINE/TRACE log level for more details.
2017-06-17 17:26:08,275 WARN  server.AbstractHttpConnection - /nutch
java.lang.NoSuchMethodError: javax.ws.rs.NotFoundException.validate(Ljavax/ws/rs/core/Response;Ljavax/ws/rs/core/Response$Status;)Ljavax/ws/rs/core/Response;
	at javax.ws.rs.NotFoundException.<init>(NotFoundException.java:126)
	at org.apache.cxf.jaxrs.utils.SpecExceptions.toNotFoundException(SpecExceptions.java:89)
	at org.apache.cxf.jaxrs.utils.ExceptionUtils.toNotFoundException(ExceptionUtils.java:126)
	at org.apache.cxf.jaxrs.interceptor.JAXRSInInterceptor.processRequest(JAXRSInInterceptor.java:169)
	at org.apache.cxf.jaxrs.interceptor.JAXRSInInterceptor.handleMessage(JAXRSInInterceptor.java:77)
	at org.apache.cxf.phase.PhaseInterceptorChain.doIntercept(PhaseInterceptorChain.java:307)
	at org.apache.cxf.transport.ChainInitiationObserver.onMessage(ChainInitiationObserver.java:121)
	at org.apache.cxf.transport.http.AbstractHTTPDestination.invoke(AbstractHTTPDestination.java:251)
	at org.apache.cxf.transport.http_jetty.JettyHTTPDestination.doService(JettyHTTPDestination.java:261)
	at org.apache.cxf.transport.http_jetty.JettyHTTPHandler.handle(JettyHTTPHandler.java:70)
	at org.eclipse.jetty.server.handler.ContextHandler.doHandle(ContextHandler.java:1088)
	at org.eclipse.jetty.server.handler.ContextHandler.doScope(ContextHandler.java:1024)
	at org.eclipse.jetty.server.handler.ScopedHandler.handle(ScopedHandler.java:135)
	at org.eclipse.jetty.server.handler.ContextHandlerCollection.handle(ContextHandlerCollection.java:255)
	at org.eclipse.jetty.server.handler.HandlerWrapper.handle(HandlerWrapper.java:116)
	at org.eclipse.jetty.server.Server.handle(Server.java:370)
	at org.eclipse.jetty.server.AbstractHttpConnection.handleRequest(AbstractHttpConnection.java:494)
	at org.eclipse.jetty.server.AbstractHttpConnection.headerComplete(AbstractHttpConnection.java:971)
	at org.eclipse.jetty.server.AbstractHttpConnection$RequestHandler.headerComplete(AbstractHttpConnection.java:1033)
	at org.eclipse.jetty.http.HttpParser.parseNext(HttpParser.java:644)
	at org.eclipse.jetty.http.HttpParser.parseAvailable(HttpParser.java:235)
	at org.eclipse.jetty.server.AsyncHttpConnection.handle(AsyncHttpConnection.java:82)
	at org.eclipse.jetty.io.nio.SelectChannelEndPoint.handle(SelectChannelEndPoint.java:696)
	at org.eclipse.jetty.io.nio.SelectChannelEndPoint$1.run(SelectChannelEndPoint.java:53)
	at org.eclipse.jetty.util.thread.QueuedThreadPool.runJob(QueuedThreadPool.java:608)
	at org.eclipse.jetty.util.thread.QueuedThreadPool$3.run(QueuedThreadPool.java:543)
	at java.lang.Thread.run(Thread.java:748)
2017-06-17 17:26:16,355 WARN  interceptor.JAXRSInInterceptor - No root resource matching request path /nutch/adimin has been found, Relative Path: /nutch/adimin. Please enable FINE/TRACE log level for more details.
2017-06-17 17:26:16,356 WARN  server.AbstractHttpConnection - /nutch/adimin
java.lang.NoSuchMethodError: javax.ws.rs.NotFoundException.validate(Ljavax/ws/rs/core/Response;Ljavax/ws/rs/core/Response$Status;)Ljavax/ws/rs/core/Response;
	at javax.ws.rs.NotFoundException.<init>(NotFoundException.java:126)
	at org.apache.cxf.jaxrs.utils.SpecExceptions.toNotFoundException(SpecExceptions.java:89)
	at org.apache.cxf.jaxrs.utils.ExceptionUtils.toNotFoundException(ExceptionUtils.java:126)
	at org.apache.cxf.jaxrs.interceptor.JAXRSInInterceptor.processRequest(JAXRSInInterceptor.java:169)
	at org.apache.cxf.jaxrs.interceptor.JAXRSInInterceptor.handleMessage(JAXRSInInterceptor.java:77)
	at org.apache.cxf.phase.PhaseInterceptorChain.doIntercept(PhaseInterceptorChain.java:307)
	at org.apache.cxf.transport.ChainInitiationObserver.onMessage(ChainInitiationObserver.java:121)
	at org.apache.cxf.transport.http.AbstractHTTPDestination.invoke(AbstractHTTPDestination.java:251)
	at org.apache.cxf.transport.http_jetty.JettyHTTPDestination.doService(JettyHTTPDestination.java:261)
	at org.apache.cxf.transport.http_jetty.JettyHTTPHandler.handle(JettyHTTPHandler.java:70)
	at org.eclipse.jetty.server.handler.ContextHandler.doHandle(ContextHandler.java:1088)
	at org.eclipse.jetty.server.handler.ContextHandler.doScope(ContextHandler.java:1024)
	at org.eclipse.jetty.server.handler.ScopedHandler.handle(ScopedHandler.java:135)
	at org.eclipse.jetty.server.handler.ContextHandlerCollection.handle(ContextHandlerCollection.java:255)
	at org.eclipse.jetty.server.handler.HandlerWrapper.handle(HandlerWrapper.java:116)
	at org.eclipse.jetty.server.Server.handle(Server.java:370)
	at org.eclipse.jetty.server.AbstractHttpConnection.handleRequest(AbstractHttpConnection.java:494)
	at org.eclipse.jetty.server.AbstractHttpConnection.headerComplete(AbstractHttpConnection.java:971)
	at org.eclipse.jetty.server.AbstractHttpConnection$RequestHandler.headerComplete(AbstractHttpConnection.java:1033)
	at org.eclipse.jetty.http.HttpParser.parseNext(HttpParser.java:644)
	at org.eclipse.jetty.http.HttpParser.parseAvailable(HttpParser.java:235)
	at org.eclipse.jetty.server.AsyncHttpConnection.handle(AsyncHttpConnection.java:82)
	at org.eclipse.jetty.io.nio.SelectChannelEndPoint.handle(SelectChannelEndPoint.java:696)
	at org.eclipse.jetty.io.nio.SelectChannelEndPoint$1.run(SelectChannelEndPoint.java:53)
	at org.eclipse.jetty.util.thread.QueuedThreadPool.runJob(QueuedThreadPool.java:608)
	at org.eclipse.jetty.util.thread.QueuedThreadPool$3.run(QueuedThreadPool.java:543)
	at java.lang.Thread.run(Thread.java:748)
2017-06-17 17:27:31,484 WARN  utils.ResourceUtils - No resource methods have been found for resource class org.apache.nutch.service.impl.ConfManagerImpl
2017-06-17 17:27:48,644 INFO  service.NutchServer - Starting NutchServer on localhost:8081  ...
2017-06-17 17:28:29,411 INFO  endpoint.ServerImpl - Setting the server's publish address to be http://localhost:8081
2017-06-17 17:28:29,863 INFO  server.Server - jetty-8.1.15.v20140411
2017-06-17 17:28:30,000 INFO  server.AbstractConnector - Started SelectChannelConnector@localhost:8081
2017-06-17 17:28:45,293 INFO  service.NutchServer - Started Nutch Server on localhost:8081 at 1497691713980
2017-06-17 17:29:12,424 WARN  interceptor.JAXRSInInterceptor - No root resource matching request path / has been found, Relative Path: /. Please enable FINE/TRACE log level for more details.
2017-06-17 17:29:12,446 WARN  server.AbstractHttpConnection - /
java.lang.NoSuchMethodError: javax.ws.rs.NotFoundException.validate(Ljavax/ws/rs/core/Response;Ljavax/ws/rs/core/Response$Status;)Ljavax/ws/rs/core/Response;
	at javax.ws.rs.NotFoundException.<init>(NotFoundException.java:126)
	at org.apache.cxf.jaxrs.utils.SpecExceptions.toNotFoundException(SpecExceptions.java:89)
	at org.apache.cxf.jaxrs.utils.ExceptionUtils.toNotFoundException(ExceptionUtils.java:126)
	at org.apache.cxf.jaxrs.interceptor.JAXRSInInterceptor.processRequest(JAXRSInInterceptor.java:169)
	at org.apache.cxf.jaxrs.interceptor.JAXRSInInterceptor.handleMessage(JAXRSInInterceptor.java:77)
	at org.apache.cxf.phase.PhaseInterceptorChain.doIntercept(PhaseInterceptorChain.java:307)
	at org.apache.cxf.transport.ChainInitiationObserver.onMessage(ChainInitiationObserver.java:121)
	at org.apache.cxf.transport.http.AbstractHTTPDestination.invoke(AbstractHTTPDestination.java:251)
	at org.apache.cxf.transport.http_jetty.JettyHTTPDestination.doService(JettyHTTPDestination.java:261)
	at org.apache.cxf.transport.http_jetty.JettyHTTPHandler.handle(JettyHTTPHandler.java:70)
	at org.eclipse.jetty.server.handler.ContextHandler.doHandle(ContextHandler.java:1088)
	at org.eclipse.jetty.server.handler.ContextHandler.doScope(ContextHandler.java:1024)
	at org.eclipse.jetty.server.handler.ScopedHandler.handle(ScopedHandler.java:135)
	at org.eclipse.jetty.server.handler.ContextHandlerCollection.handle(ContextHandlerCollection.java:255)
	at org.eclipse.jetty.server.handler.HandlerWrapper.handle(HandlerWrapper.java:116)
	at org.eclipse.jetty.server.Server.handle(Server.java:370)
	at org.eclipse.jetty.server.AbstractHttpConnection.handleRequest(AbstractHttpConnection.java:494)
	at org.eclipse.jetty.server.AbstractHttpConnection.headerComplete(AbstractHttpConnection.java:971)
	at org.eclipse.jetty.server.AbstractHttpConnection$RequestHandler.headerComplete(AbstractHttpConnection.java:1033)
	at org.eclipse.jetty.http.HttpParser.parseNext(HttpParser.java:644)
	at org.eclipse.jetty.http.HttpParser.parseAvailable(HttpParser.java:235)
	at org.eclipse.jetty.server.AsyncHttpConnection.handle(AsyncHttpConnection.java:82)
	at org.eclipse.jetty.io.nio.SelectChannelEndPoint.handle(SelectChannelEndPoint.java:696)
	at org.eclipse.jetty.io.nio.SelectChannelEndPoint$1.run(SelectChannelEndPoint.java:53)
	at org.eclipse.jetty.util.thread.QueuedThreadPool.runJob(QueuedThreadPool.java:608)
	at org.eclipse.jetty.util.thread.QueuedThreadPool$3.run(QueuedThreadPool.java:543)
	at java.lang.Thread.run(Thread.java:748)
2017-06-17 17:31:57,785 WARN  interceptor.JAXRSInInterceptor - No root resource matching request path / has been found, Relative Path: /. Please enable FINE/TRACE log level for more details.
2017-06-17 17:31:57,788 WARN  server.AbstractHttpConnection - /
java.lang.NoSuchMethodError: javax.ws.rs.NotFoundException.validate(Ljavax/ws/rs/core/Response;Ljavax/ws/rs/core/Response$Status;)Ljavax/ws/rs/core/Response;
	at javax.ws.rs.NotFoundException.<init>(NotFoundException.java:126)
	at org.apache.cxf.jaxrs.utils.SpecExceptions.toNotFoundException(SpecExceptions.java:89)
	at org.apache.cxf.jaxrs.utils.ExceptionUtils.toNotFoundException(ExceptionUtils.java:126)
	at org.apache.cxf.jaxrs.interceptor.JAXRSInInterceptor.processRequest(JAXRSInInterceptor.java:169)
	at org.apache.cxf.jaxrs.interceptor.JAXRSInInterceptor.handleMessage(JAXRSInInterceptor.java:77)
	at org.apache.cxf.phase.PhaseInterceptorChain.doIntercept(PhaseInterceptorChain.java:307)
	at org.apache.cxf.transport.ChainInitiationObserver.onMessage(ChainInitiationObserver.java:121)
	at org.apache.cxf.transport.http.AbstractHTTPDestination.invoke(AbstractHTTPDestination.java:251)
	at org.apache.cxf.transport.http_jetty.JettyHTTPDestination.doService(JettyHTTPDestination.java:261)
	at org.apache.cxf.transport.http_jetty.JettyHTTPHandler.handle(JettyHTTPHandler.java:70)
	at org.eclipse.jetty.server.handler.ContextHandler.doHandle(ContextHandler.java:1088)
	at org.eclipse.jetty.server.handler.ContextHandler.doScope(ContextHandler.java:1024)
	at org.eclipse.jetty.server.handler.ScopedHandler.handle(ScopedHandler.java:135)
	at org.eclipse.jetty.server.handler.ContextHandlerCollection.handle(ContextHandlerCollection.java:255)
	at org.eclipse.jetty.server.handler.HandlerWrapper.handle(HandlerWrapper.java:116)
	at org.eclipse.jetty.server.Server.handle(Server.java:370)
	at org.eclipse.jetty.server.AbstractHttpConnection.handleRequest(AbstractHttpConnection.java:494)
	at org.eclipse.jetty.server.AbstractHttpConnection.headerComplete(AbstractHttpConnection.java:971)
	at org.eclipse.jetty.server.AbstractHttpConnection$RequestHandler.headerComplete(AbstractHttpConnection.java:1033)
	at org.eclipse.jetty.http.HttpParser.parseNext(HttpParser.java:644)
	at org.eclipse.jetty.http.HttpParser.parseAvailable(HttpParser.java:235)
	at org.eclipse.jetty.server.AsyncHttpConnection.handle(AsyncHttpConnection.java:82)
	at org.eclipse.jetty.io.nio.SelectChannelEndPoint.handle(SelectChannelEndPoint.java:696)
	at org.eclipse.jetty.io.nio.SelectChannelEndPoint$1.run(SelectChannelEndPoint.java:53)
	at org.eclipse.jetty.util.thread.QueuedThreadPool.runJob(QueuedThreadPool.java:608)
	at org.eclipse.jetty.util.thread.QueuedThreadPool$3.run(QueuedThreadPool.java:543)
	at java.lang.Thread.run(Thread.java:748)
2017-06-17 17:32:00,910 WARN  interceptor.JAXRSInInterceptor - No root resource matching request path / has been found, Relative Path: /. Please enable FINE/TRACE log level for more details.
2017-06-17 17:32:00,912 WARN  server.AbstractHttpConnection - /
java.lang.NoSuchMethodError: javax.ws.rs.NotFoundException.validate(Ljavax/ws/rs/core/Response;Ljavax/ws/rs/core/Response$Status;)Ljavax/ws/rs/core/Response;
	at javax.ws.rs.NotFoundException.<init>(NotFoundException.java:126)
	at org.apache.cxf.jaxrs.utils.SpecExceptions.toNotFoundException(SpecExceptions.java:89)
	at org.apache.cxf.jaxrs.utils.ExceptionUtils.toNotFoundException(ExceptionUtils.java:126)
	at org.apache.cxf.jaxrs.interceptor.JAXRSInInterceptor.processRequest(JAXRSInInterceptor.java:169)
	at org.apache.cxf.jaxrs.interceptor.JAXRSInInterceptor.handleMessage(JAXRSInInterceptor.java:77)
	at org.apache.cxf.phase.PhaseInterceptorChain.doIntercept(PhaseInterceptorChain.java:307)
	at org.apache.cxf.transport.ChainInitiationObserver.onMessage(ChainInitiationObserver.java:121)
	at org.apache.cxf.transport.http.AbstractHTTPDestination.invoke(AbstractHTTPDestination.java:251)
	at org.apache.cxf.transport.http_jetty.JettyHTTPDestination.doService(JettyHTTPDestination.java:261)
	at org.apache.cxf.transport.http_jetty.JettyHTTPHandler.handle(JettyHTTPHandler.java:70)
	at org.eclipse.jetty.server.handler.ContextHandler.doHandle(ContextHandler.java:1088)
	at org.eclipse.jetty.server.handler.ContextHandler.doScope(ContextHandler.java:1024)
	at org.eclipse.jetty.server.handler.ScopedHandler.handle(ScopedHandler.java:135)
	at org.eclipse.jetty.server.handler.ContextHandlerCollection.handle(ContextHandlerCollection.java:255)
	at org.eclipse.jetty.server.handler.HandlerWrapper.handle(HandlerWrapper.java:116)
	at org.eclipse.jetty.server.Server.handle(Server.java:370)
	at org.eclipse.jetty.server.AbstractHttpConnection.handleRequest(AbstractHttpConnection.java:494)
	at org.eclipse.jetty.server.AbstractHttpConnection.headerComplete(AbstractHttpConnection.java:971)
	at org.eclipse.jetty.server.AbstractHttpConnection$RequestHandler.headerComplete(AbstractHttpConnection.java:1033)
	at org.eclipse.jetty.http.HttpParser.parseNext(HttpParser.java:644)
	at org.eclipse.jetty.http.HttpParser.parseAvailable(HttpParser.java:235)
	at org.eclipse.jetty.server.AsyncHttpConnection.handle(AsyncHttpConnection.java:82)
	at org.eclipse.jetty.io.nio.SelectChannelEndPoint.handle(SelectChannelEndPoint.java:696)
	at org.eclipse.jetty.io.nio.SelectChannelEndPoint$1.run(SelectChannelEndPoint.java:53)
	at org.eclipse.jetty.util.thread.QueuedThreadPool.runJob(QueuedThreadPool.java:608)
	at org.eclipse.jetty.util.thread.QueuedThreadPool$3.run(QueuedThreadPool.java:543)
	at java.lang.Thread.run(Thread.java:748)
2017-06-17 17:32:06,467 WARN  interceptor.JAXRSInInterceptor - No root resource matching request path / has been found, Relative Path: /. Please enable FINE/TRACE log level for more details.
2017-06-17 17:32:06,481 WARN  server.AbstractHttpConnection - /
java.lang.NoSuchMethodError: javax.ws.rs.NotFoundException.validate(Ljavax/ws/rs/core/Response;Ljavax/ws/rs/core/Response$Status;)Ljavax/ws/rs/core/Response;
	at javax.ws.rs.NotFoundException.<init>(NotFoundException.java:126)
	at org.apache.cxf.jaxrs.utils.SpecExceptions.toNotFoundException(SpecExceptions.java:89)
	at org.apache.cxf.jaxrs.utils.ExceptionUtils.toNotFoundException(ExceptionUtils.java:126)
	at org.apache.cxf.jaxrs.interceptor.JAXRSInInterceptor.processRequest(JAXRSInInterceptor.java:169)
	at org.apache.cxf.jaxrs.interceptor.JAXRSInInterceptor.handleMessage(JAXRSInInterceptor.java:77)
	at org.apache.cxf.phase.PhaseInterceptorChain.doIntercept(PhaseInterceptorChain.java:307)
	at org.apache.cxf.transport.ChainInitiationObserver.onMessage(ChainInitiationObserver.java:121)
	at org.apache.cxf.transport.http.AbstractHTTPDestination.invoke(AbstractHTTPDestination.java:251)
	at org.apache.cxf.transport.http_jetty.JettyHTTPDestination.doService(JettyHTTPDestination.java:261)
	at org.apache.cxf.transport.http_jetty.JettyHTTPHandler.handle(JettyHTTPHandler.java:70)
	at org.eclipse.jetty.server.handler.ContextHandler.doHandle(ContextHandler.java:1088)
	at org.eclipse.jetty.server.handler.ContextHandler.doScope(ContextHandler.java:1024)
	at org.eclipse.jetty.server.handler.ScopedHandler.handle(ScopedHandler.java:135)
	at org.eclipse.jetty.server.handler.ContextHandlerCollection.handle(ContextHandlerCollection.java:255)
	at org.eclipse.jetty.server.handler.HandlerWrapper.handle(HandlerWrapper.java:116)
	at org.eclipse.jetty.server.Server.handle(Server.java:370)
	at org.eclipse.jetty.server.AbstractHttpConnection.handleRequest(AbstractHttpConnection.java:494)
	at org.eclipse.jetty.server.AbstractHttpConnection.headerComplete(AbstractHttpConnection.java:971)
	at org.eclipse.jetty.server.AbstractHttpConnection$RequestHandler.headerComplete(AbstractHttpConnection.java:1033)
	at org.eclipse.jetty.http.HttpParser.parseNext(HttpParser.java:644)
	at org.eclipse.jetty.http.HttpParser.parseAvailable(HttpParser.java:235)
	at org.eclipse.jetty.server.AsyncHttpConnection.handle(AsyncHttpConnection.java:82)
	at org.eclipse.jetty.io.nio.SelectChannelEndPoint.handle(SelectChannelEndPoint.java:696)
	at org.eclipse.jetty.io.nio.SelectChannelEndPoint$1.run(SelectChannelEndPoint.java:53)
	at org.eclipse.jetty.util.thread.QueuedThreadPool.runJob(QueuedThreadPool.java:608)
	at org.eclipse.jetty.util.thread.QueuedThreadPool$3.run(QueuedThreadPool.java:543)
	at java.lang.Thread.run(Thread.java:748)
2017-06-17 17:32:13,072 WARN  interceptor.JAXRSInInterceptor - No root resource matching request path /Nutch has been found, Relative Path: /Nutch. Please enable FINE/TRACE log level for more details.
2017-06-17 17:32:13,083 WARN  server.AbstractHttpConnection - /Nutch
java.lang.NoSuchMethodError: javax.ws.rs.NotFoundException.validate(Ljavax/ws/rs/core/Response;Ljavax/ws/rs/core/Response$Status;)Ljavax/ws/rs/core/Response;
	at javax.ws.rs.NotFoundException.<init>(NotFoundException.java:126)
	at org.apache.cxf.jaxrs.utils.SpecExceptions.toNotFoundException(SpecExceptions.java:89)
	at org.apache.cxf.jaxrs.utils.ExceptionUtils.toNotFoundException(ExceptionUtils.java:126)
	at org.apache.cxf.jaxrs.interceptor.JAXRSInInterceptor.processRequest(JAXRSInInterceptor.java:169)
	at org.apache.cxf.jaxrs.interceptor.JAXRSInInterceptor.handleMessage(JAXRSInInterceptor.java:77)
	at org.apache.cxf.phase.PhaseInterceptorChain.doIntercept(PhaseInterceptorChain.java:307)
	at org.apache.cxf.transport.ChainInitiationObserver.onMessage(ChainInitiationObserver.java:121)
	at org.apache.cxf.transport.http.AbstractHTTPDestination.invoke(AbstractHTTPDestination.java:251)
	at org.apache.cxf.transport.http_jetty.JettyHTTPDestination.doService(JettyHTTPDestination.java:261)
	at org.apache.cxf.transport.http_jetty.JettyHTTPHandler.handle(JettyHTTPHandler.java:70)
	at org.eclipse.jetty.server.handler.ContextHandler.doHandle(ContextHandler.java:1088)
	at org.eclipse.jetty.server.handler.ContextHandler.doScope(ContextHandler.java:1024)
	at org.eclipse.jetty.server.handler.ScopedHandler.handle(ScopedHandler.java:135)
	at org.eclipse.jetty.server.handler.ContextHandlerCollection.handle(ContextHandlerCollection.java:255)
	at org.eclipse.jetty.server.handler.HandlerWrapper.handle(HandlerWrapper.java:116)
	at org.eclipse.jetty.server.Server.handle(Server.java:370)
	at org.eclipse.jetty.server.AbstractHttpConnection.handleRequest(AbstractHttpConnection.java:494)
	at org.eclipse.jetty.server.AbstractHttpConnection.headerComplete(AbstractHttpConnection.java:971)
	at org.eclipse.jetty.server.AbstractHttpConnection$RequestHandler.headerComplete(AbstractHttpConnection.java:1033)
	at org.eclipse.jetty.http.HttpParser.parseNext(HttpParser.java:644)
	at org.eclipse.jetty.http.HttpParser.parseAvailable(HttpParser.java:235)
	at org.eclipse.jetty.server.AsyncHttpConnection.handle(AsyncHttpConnection.java:82)
	at org.eclipse.jetty.io.nio.SelectChannelEndPoint.handle(SelectChannelEndPoint.java:696)
	at org.eclipse.jetty.io.nio.SelectChannelEndPoint$1.run(SelectChannelEndPoint.java:53)
	at org.eclipse.jetty.util.thread.QueuedThreadPool.runJob(QueuedThreadPool.java:608)
	at org.eclipse.jetty.util.thread.QueuedThreadPool$3.run(QueuedThreadPool.java:543)
	at java.lang.Thread.run(Thread.java:748)
2017-06-17 17:46:41,821 WARN  utils.ResourceUtils - No resource methods have been found for resource class org.apache.nutch.service.impl.ConfManagerImpl
2017-06-17 17:47:29,853 INFO  service.NutchServer - Starting NutchServer on localhost:8081  ...
2017-06-17 17:47:29,972 INFO  endpoint.ServerImpl - Setting the server's publish address to be http://localhost:8081
2017-06-17 17:47:30,072 INFO  server.Server - jetty-8.1.15.v20140411
2017-06-17 17:47:30,120 INFO  server.AbstractConnector - Started SelectChannelConnector@localhost:8081
2017-06-17 17:47:30,139 INFO  service.NutchServer - Started Nutch Server on localhost:8081 at 1497692850139
2017-06-17 17:50:55,943 INFO  resources.AdminResource - Shutting down server in 1 sec
2017-06-17 17:50:55,944 INFO  resources.AdminResource - Service shutting down...
2017-06-17 17:51:10,922 WARN  utils.ResourceUtils - No resource methods have been found for resource class org.apache.nutch.service.impl.ConfManagerImpl
2017-06-17 17:51:10,941 INFO  service.NutchServer - Starting NutchServer on localhost:8081  ...
2017-06-17 17:51:11,030 INFO  endpoint.ServerImpl - Setting the server's publish address to be http://localhost:8081
2017-06-17 17:51:11,128 INFO  server.Server - jetty-8.1.15.v20140411
2017-06-17 17:51:11,177 INFO  server.AbstractConnector - Started SelectChannelConnector@localhost:8081
2017-06-17 17:51:11,200 INFO  service.NutchServer - Started Nutch Server on localhost:8081 at 1497693071200
2017-06-17 17:55:45,916 WARN  utils.JAXRSUtils - No operation matching request path "/seed" is found, Relative Path: /, HTTP Method: GET, ContentType: */*, Accept: text/html,application/xhtml+xml,application/xml;q=0.9,*/*;q=0.8,. Please enable FINE/TRACE log level for more details.
2017-06-17 17:55:45,926 WARN  server.AbstractHttpConnection - /seed
java.lang.NoSuchMethodError: javax.ws.rs.ClientErrorException.validate(Ljavax/ws/rs/core/Response;Ljavax/ws/rs/core/Response$Status$Family;)Ljavax/ws/rs/core/Response;
	at javax.ws.rs.ClientErrorException.<init>(ClientErrorException.java:200)
	at org.apache.cxf.jaxrs.utils.SpecExceptions.toHttpException(SpecExceptions.java:117)
	at org.apache.cxf.jaxrs.utils.ExceptionUtils.toHttpException(ExceptionUtils.java:166)
	at org.apache.cxf.jaxrs.utils.JAXRSUtils.findTargetMethod(JAXRSUtils.java:529)
	at org.apache.cxf.jaxrs.interceptor.JAXRSInInterceptor.processRequest(JAXRSInInterceptor.java:177)
	at org.apache.cxf.jaxrs.interceptor.JAXRSInInterceptor.handleMessage(JAXRSInInterceptor.java:77)
	at org.apache.cxf.phase.PhaseInterceptorChain.doIntercept(PhaseInterceptorChain.java:307)
	at org.apache.cxf.transport.ChainInitiationObserver.onMessage(ChainInitiationObserver.java:121)
	at org.apache.cxf.transport.http.AbstractHTTPDestination.invoke(AbstractHTTPDestination.java:251)
	at org.apache.cxf.transport.http_jetty.JettyHTTPDestination.doService(JettyHTTPDestination.java:261)
	at org.apache.cxf.transport.http_jetty.JettyHTTPHandler.handle(JettyHTTPHandler.java:70)
	at org.eclipse.jetty.server.handler.ContextHandler.doHandle(ContextHandler.java:1088)
	at org.eclipse.jetty.server.handler.ContextHandler.doScope(ContextHandler.java:1024)
	at org.eclipse.jetty.server.handler.ScopedHandler.handle(ScopedHandler.java:135)
	at org.eclipse.jetty.server.handler.ContextHandlerCollection.handle(ContextHandlerCollection.java:255)
	at org.eclipse.jetty.server.handler.HandlerWrapper.handle(HandlerWrapper.java:116)
	at org.eclipse.jetty.server.Server.handle(Server.java:370)
	at org.eclipse.jetty.server.AbstractHttpConnection.handleRequest(AbstractHttpConnection.java:494)
	at org.eclipse.jetty.server.AbstractHttpConnection.headerComplete(AbstractHttpConnection.java:971)
	at org.eclipse.jetty.server.AbstractHttpConnection$RequestHandler.headerComplete(AbstractHttpConnection.java:1033)
	at org.eclipse.jetty.http.HttpParser.parseNext(HttpParser.java:644)
	at org.eclipse.jetty.http.HttpParser.parseAvailable(HttpParser.java:235)
	at org.eclipse.jetty.server.AsyncHttpConnection.handle(AsyncHttpConnection.java:82)
	at org.eclipse.jetty.io.nio.SelectChannelEndPoint.handle(SelectChannelEndPoint.java:696)
	at org.eclipse.jetty.io.nio.SelectChannelEndPoint$1.run(SelectChannelEndPoint.java:53)
	at org.eclipse.jetty.util.thread.QueuedThreadPool.runJob(QueuedThreadPool.java:608)
	at org.eclipse.jetty.util.thread.QueuedThreadPool$3.run(QueuedThreadPool.java:543)
	at java.lang.Thread.run(Thread.java:748)
